2021-05-22 17:44:54,074 :: INFO :: Start experiment: priamo-266474
2021-05-22 17:44:54,081 :: INFO :: Control node : Starting of control node serial interface
2021-05-22 17:44:54,086 :: INFO :: Control node : reset
2021-05-22 17:44:54,092 :: INFO :: Reset Control Node
2021-05-22 17:44:57,052 :: INFO :: Control node : start power of open node
2021-05-22 17:44:57,079 :: INFO :: Node A8 : setup of a8 node
2021-05-22 17:44:58,091 :: INFO :: Control node : Start experiment
2021-05-22 17:44:58,126 :: INFO :: Control Node set time delay: 1618 us
2021-05-22 17:44:58,154 :: INFO :: Control node : profile configuration
2021-05-22 17:44:58,157 :: INFO :: Configure profile on Control Node
2021-05-22 17:44:58,201 :: INFO :: Start experiment succeeded
2021-05-22 17:45:33,100 :: INFO :: Boot A8 succeeded in time: 33s
2021-05-22 18:05:07,516 :: INFO :: Gateway Manager : Stop experiment
2021-05-22 18:05:07,538 :: INFO :: Stop experiment
2021-05-22 18:05:07,554 :: INFO :: Control node : stop of the experiment
2021-05-22 18:05:07,568 :: INFO :: Control node : profile configuration
2021-05-22 18:05:07,586 :: INFO :: Configure profile on Control Node
2021-05-22 18:05:07,721 :: INFO :: Control node : start power of open node
2021-05-22 18:05:07,771 :: INFO :: Node A8 : teardown of a8 node
2021-05-22 18:05:09,388 :: INFO :: Control node : Stop control node serial interface
2021-05-22 18:05:09,403 :: INFO :: Control node : stop power of open node
2021-05-22 18:05:09,492 :: INFO :: Control node : reset
2021-05-22 18:05:09,498 :: INFO :: Reset Control Node
2021-05-22 18:05:12,440 :: INFO :: Stop experiment succeeded
