2021-05-22 17:44:54,139 :: INFO :: Start experiment: priamo-266474
2021-05-22 17:44:54,152 :: INFO :: Control node : Starting of control node serial interface
2021-05-22 17:44:54,163 :: INFO :: Control node : reset
2021-05-22 17:44:54,175 :: INFO :: Reset Control Node
2021-05-22 17:44:57,160 :: INFO :: Control node : start power of open node
2021-05-22 17:44:57,215 :: INFO :: Node OpenOCD: Setup of openocd node
2021-05-22 17:45:00,254 :: INFO :: Node OpenOCD: flash of openocd node
2021-05-22 17:45:00,272 :: INFO :: Flash firmware on OpenOCD: /usr/lib/python2.7/site-packages/gateway_code/static/m3_idle.elf
2021-05-22 17:45:02,832 :: INFO :: Control node : Start experiment
2021-05-22 17:45:02,928 :: INFO :: Control Node set time delay: 1343 us
2021-05-22 17:45:02,961 :: INFO :: Control node : profile configuration
2021-05-22 17:45:02,968 :: INFO :: Configure profile on Control Node
2021-05-22 17:45:03,018 :: INFO :: Start experiment succeeded
2021-05-22 17:45:16,377 :: INFO :: Gateway Manager : Flash of node
2021-05-22 17:45:16,382 :: INFO :: Flash firmware on open node: /tmp/tmpXDm5Qg--firmware1124904766371166206-gnrc_border_router.elf
2021-05-22 17:45:16,433 :: INFO :: Node OpenOCD: flash of openocd node
2021-05-22 17:45:16,437 :: INFO :: Flash firmware on OpenOCD: /tmp/tmpXDm5Qg--firmware1124904766371166206-gnrc_border_router.elf
2021-05-22 18:05:07,535 :: INFO :: Gateway Manager : Stop experiment
2021-05-22 18:05:07,556 :: INFO :: Stop experiment
2021-05-22 18:05:07,576 :: INFO :: Control node : stop of the experiment
2021-05-22 18:05:07,593 :: INFO :: Control node : profile configuration
2021-05-22 18:05:07,609 :: INFO :: Configure profile on Control Node
2021-05-22 18:05:07,772 :: INFO :: Control node : start power of open node
2021-05-22 18:05:07,807 :: INFO :: Node OpenOCD: teardown of openocd node
2021-05-22 18:05:10,837 :: INFO :: openocd node debugger stop
2021-05-22 18:05:11,485 :: INFO :: Node OpenOCD: flash of openocd node
2021-05-22 18:05:11,492 :: INFO :: Flash firmware on OpenOCD: /usr/lib/python2.7/site-packages/gateway_code/static/m3_idle.elf
2021-05-22 18:05:13,896 :: INFO :: Control node : Stop control node serial interface
2021-05-22 18:05:13,901 :: INFO :: Control node : stop power of open node
2021-05-22 18:05:13,958 :: INFO :: Control node : reset
2021-05-22 18:05:13,962 :: INFO :: Reset Control Node
2021-05-22 18:05:16,793 :: INFO :: Stop experiment succeeded
