2021-05-22 17:44:54,147 :: INFO :: Start experiment: priamo-266474
2021-05-22 17:44:54,160 :: INFO :: Control node : Starting of control node serial interface
2021-05-22 17:44:54,171 :: INFO :: Control node : reset
2021-05-22 17:44:54,183 :: INFO :: Reset Control Node
2021-05-22 17:44:57,227 :: INFO :: Control node : start power of open node
2021-05-22 17:44:57,283 :: INFO :: Node OpenOCD: Setup of openocd node
2021-05-22 17:45:00,313 :: INFO :: Node OpenOCD: flash of openocd node
2021-05-22 17:45:00,328 :: INFO :: Flash firmware on OpenOCD: /usr/lib/python2.7/site-packages/gateway_code/static/m3_idle.elf
2021-05-22 17:45:02,855 :: INFO :: Control node : Start experiment
2021-05-22 17:45:02,922 :: INFO :: Control Node set time delay: 1191 us
2021-05-22 17:45:02,944 :: INFO :: Control node : profile configuration
2021-05-22 17:45:02,950 :: INFO :: Configure profile on Control Node
2021-05-22 17:45:03,031 :: INFO :: Start experiment succeeded
2021-05-22 17:50:51,709 :: INFO :: Gateway Manager : Flash of node
2021-05-22 17:50:51,719 :: INFO :: Flash firmware on open node: /tmp/tmp902hor--firmware6603267533180872554-assignment2.bin
2021-05-22 17:50:51,730 :: INFO :: Node OpenOCD: flash of openocd node
2021-05-22 17:50:51,737 :: INFO :: Flash firmware on OpenOCD: /tmp/tmp902hor--firmware6603267533180872554-assignment2.bin
2021-05-22 18:05:07,501 :: INFO :: Gateway Manager : Stop experiment
2021-05-22 18:05:07,511 :: INFO :: Stop experiment
2021-05-22 18:05:07,520 :: INFO :: Control node : stop of the experiment
2021-05-22 18:05:07,528 :: INFO :: Control node : profile configuration
2021-05-22 18:05:07,535 :: INFO :: Configure profile on Control Node
2021-05-22 18:05:07,614 :: INFO :: Control node : start power of open node
2021-05-22 18:05:07,659 :: INFO :: Node OpenOCD: teardown of openocd node
2021-05-22 18:05:10,700 :: INFO :: openocd node debugger stop
2021-05-22 18:05:11,356 :: INFO :: Node OpenOCD: flash of openocd node
2021-05-22 18:05:11,371 :: INFO :: Flash firmware on OpenOCD: /usr/lib/python2.7/site-packages/gateway_code/static/m3_idle.elf
2021-05-22 18:05:13,821 :: INFO :: Control node : Stop control node serial interface
2021-05-22 18:05:13,826 :: INFO :: Control node : stop power of open node
2021-05-22 18:05:13,900 :: INFO :: Control node : reset
2021-05-22 18:05:13,907 :: INFO :: Reset Control Node
2021-05-22 18:05:16,796 :: INFO :: Stop experiment succeeded
