2021-05-22 18:11:18,725 :: INFO :: Start experiment: priamo-266478
2021-05-22 18:11:18,738 :: INFO :: Control node : Starting of control node serial interface
2021-05-22 18:11:18,749 :: INFO :: Control node : reset
2021-05-22 18:11:18,761 :: INFO :: Reset Control Node
2021-05-22 18:11:21,766 :: INFO :: Control node : start power of open node
2021-05-22 18:11:21,821 :: INFO :: Node OpenOCD: Setup of openocd node
2021-05-22 18:11:24,866 :: INFO :: Node OpenOCD: flash of openocd node
2021-05-22 18:11:24,881 :: INFO :: Flash firmware on OpenOCD: /usr/lib/python2.7/site-packages/gateway_code/static/m3_idle.elf
2021-05-22 18:11:27,413 :: INFO :: Control node : Start experiment
2021-05-22 18:11:27,452 :: INFO :: Control Node set time delay: 1098 us
2021-05-22 18:11:27,486 :: INFO :: Control node : profile configuration
2021-05-22 18:11:27,493 :: INFO :: Configure profile on Control Node
2021-05-22 18:11:27,573 :: INFO :: Start experiment succeeded
2021-05-22 18:16:59,743 :: INFO :: Gateway Manager : Flash of node
2021-05-22 18:16:59,753 :: INFO :: Flash firmware on open node: /tmp/tmpmWifKb--firmware797252090501288440-assignment2.bin
2021-05-22 18:16:59,764 :: INFO :: Node OpenOCD: flash of openocd node
2021-05-22 18:16:59,770 :: INFO :: Flash firmware on OpenOCD: /tmp/tmpmWifKb--firmware797252090501288440-assignment2.bin
2021-05-22 18:36:31,978 :: INFO :: Gateway Manager : Stop experiment
2021-05-22 18:36:31,992 :: INFO :: Stop experiment
2021-05-22 18:36:32,000 :: INFO :: Control node : stop of the experiment
2021-05-22 18:36:32,007 :: INFO :: Control node : profile configuration
2021-05-22 18:36:32,013 :: INFO :: Configure profile on Control Node
2021-05-22 18:36:32,086 :: INFO :: Control node : start power of open node
2021-05-22 18:36:32,126 :: INFO :: Node OpenOCD: teardown of openocd node
2021-05-22 18:36:35,164 :: INFO :: openocd node debugger stop
2021-05-22 18:36:35,851 :: INFO :: Node OpenOCD: flash of openocd node
2021-05-22 18:36:35,865 :: INFO :: Flash firmware on OpenOCD: /usr/lib/python2.7/site-packages/gateway_code/static/m3_idle.elf
2021-05-22 18:36:38,330 :: INFO :: Control node : Stop control node serial interface
2021-05-22 18:36:38,335 :: INFO :: Control node : stop power of open node
2021-05-22 18:36:38,414 :: INFO :: Control node : reset
2021-05-22 18:36:38,421 :: INFO :: Reset Control Node
2021-05-22 18:36:41,259 :: INFO :: Stop experiment succeeded
