2021-05-22 18:42:27,288 :: INFO :: Start experiment: priamo-266481
2021-05-22 18:42:27,301 :: INFO :: Control node : Starting of control node serial interface
2021-05-22 18:42:27,313 :: INFO :: Control node : reset
2021-05-22 18:42:27,325 :: INFO :: Reset Control Node
2021-05-22 18:42:30,285 :: INFO :: Control node : start power of open node
2021-05-22 18:42:30,341 :: INFO :: Node OpenOCD: Setup of openocd node
2021-05-22 18:42:33,386 :: INFO :: Node OpenOCD: flash of openocd node
2021-05-22 18:42:33,405 :: INFO :: Flash firmware on OpenOCD: /usr/lib/python2.7/site-packages/gateway_code/static/m3_idle.elf
2021-05-22 18:42:36,046 :: INFO :: Control node : Start experiment
2021-05-22 18:42:36,112 :: INFO :: Control Node set time delay: 1862 us
2021-05-22 18:42:36,131 :: INFO :: Control node : profile configuration
2021-05-22 18:42:36,135 :: INFO :: Configure profile on Control Node
2021-05-22 18:42:36,180 :: INFO :: Start experiment succeeded
2021-05-22 18:47:03,274 :: INFO :: Gateway Manager : Flash of node
2021-05-22 18:47:03,284 :: INFO :: Flash firmware on open node: /tmp/tmpkpeGHx--firmware169226925786710540-assignment2.bin
2021-05-22 18:47:03,295 :: INFO :: Node OpenOCD: flash of openocd node
2021-05-22 18:47:03,301 :: INFO :: Flash firmware on OpenOCD: /tmp/tmpkpeGHx--firmware169226925786710540-assignment2.bin
2021-05-22 19:07:40,738 :: INFO :: Gateway Manager : Stop experiment
2021-05-22 19:07:40,756 :: INFO :: Stop experiment
2021-05-22 19:07:40,773 :: INFO :: Control node : stop of the experiment
2021-05-22 19:07:40,787 :: INFO :: Control node : profile configuration
2021-05-22 19:07:40,800 :: INFO :: Configure profile on Control Node
2021-05-22 19:07:40,885 :: INFO :: Control node : start power of open node
2021-05-22 19:07:40,909 :: INFO :: Node OpenOCD: teardown of openocd node
2021-05-22 19:07:43,938 :: INFO :: openocd node debugger stop
2021-05-22 19:07:44,621 :: INFO :: Node OpenOCD: flash of openocd node
2021-05-22 19:07:44,636 :: INFO :: Flash firmware on OpenOCD: /usr/lib/python2.7/site-packages/gateway_code/static/m3_idle.elf
2021-05-22 19:07:47,102 :: INFO :: Control node : Stop control node serial interface
2021-05-22 19:07:47,107 :: INFO :: Control node : stop power of open node
2021-05-22 19:07:47,164 :: INFO :: Control node : reset
2021-05-22 19:07:47,168 :: INFO :: Reset Control Node
2021-05-22 19:07:50,058 :: INFO :: Stop experiment succeeded
