2021-05-22 18:42:27,286 :: INFO :: Start experiment: priamo-266481
2021-05-22 18:42:27,299 :: INFO :: Control node : Starting of control node serial interface
2021-05-22 18:42:27,310 :: INFO :: Control node : reset
2021-05-22 18:42:27,322 :: INFO :: Reset Control Node
2021-05-22 18:42:30,339 :: INFO :: Control node : start power of open node
2021-05-22 18:42:30,397 :: INFO :: Node OpenOCD: Setup of openocd node
2021-05-22 18:42:33,442 :: INFO :: Node OpenOCD: flash of openocd node
2021-05-22 18:42:33,457 :: INFO :: Flash firmware on OpenOCD: /usr/lib/python2.7/site-packages/gateway_code/static/m3_idle.elf
2021-05-22 18:42:35,975 :: INFO :: Control node : Start experiment
2021-05-22 18:42:36,045 :: INFO :: Control Node set time delay: 1587 us
2021-05-22 18:42:36,079 :: INFO :: Control node : profile configuration
2021-05-22 18:42:36,085 :: INFO :: Configure profile on Control Node
2021-05-22 18:42:36,164 :: INFO :: Start experiment succeeded
2021-05-22 18:49:31,490 :: INFO :: Gateway Manager : Flash of node
2021-05-22 18:49:31,495 :: INFO :: Flash firmware on open node: /tmp/tmpkp7_cZ--firmware1944687280159182641-assignment2.bin
2021-05-22 18:49:31,500 :: INFO :: Node OpenOCD: flash of openocd node
2021-05-22 18:49:31,504 :: INFO :: Flash firmware on OpenOCD: /tmp/tmpkp7_cZ--firmware1944687280159182641-assignment2.bin
2021-05-22 19:07:40,728 :: INFO :: Gateway Manager : Stop experiment
2021-05-22 19:07:40,737 :: INFO :: Stop experiment
2021-05-22 19:07:40,745 :: INFO :: Control node : stop of the experiment
2021-05-22 19:07:40,752 :: INFO :: Control node : profile configuration
2021-05-22 19:07:40,759 :: INFO :: Configure profile on Control Node
2021-05-22 19:07:40,834 :: INFO :: Control node : start power of open node
2021-05-22 19:07:40,876 :: INFO :: Node OpenOCD: teardown of openocd node
2021-05-22 19:07:43,915 :: INFO :: openocd node debugger stop
2021-05-22 19:07:44,572 :: INFO :: Node OpenOCD: flash of openocd node
2021-05-22 19:07:44,587 :: INFO :: Flash firmware on OpenOCD: /usr/lib/python2.7/site-packages/gateway_code/static/m3_idle.elf
2021-05-22 19:07:47,007 :: INFO :: Control node : Stop control node serial interface
2021-05-22 19:07:47,012 :: INFO :: Control node : stop power of open node
2021-05-22 19:07:47,088 :: INFO :: Control node : reset
2021-05-22 19:07:47,095 :: INFO :: Reset Control Node
2021-05-22 19:07:49,986 :: INFO :: Stop experiment succeeded
