2021-05-22 18:42:27,270 :: INFO :: Start experiment: priamo-266481
2021-05-22 18:42:27,283 :: INFO :: Control node : Starting of control node serial interface
2021-05-22 18:42:27,294 :: INFO :: Control node : reset
2021-05-22 18:42:27,306 :: INFO :: Reset Control Node
2021-05-22 18:42:30,326 :: INFO :: Control node : start power of open node
2021-05-22 18:42:30,382 :: INFO :: Node OpenOCD: Setup of openocd node
2021-05-22 18:42:33,432 :: INFO :: Node OpenOCD: flash of openocd node
2021-05-22 18:42:33,448 :: INFO :: Flash firmware on OpenOCD: /usr/lib/python2.7/site-packages/gateway_code/static/m3_idle.elf
2021-05-22 18:42:36,030 :: INFO :: Control node : Start experiment
2021-05-22 18:42:36,110 :: INFO :: Control Node set time delay: 1496 us
2021-05-22 18:42:36,136 :: INFO :: Control node : profile configuration
2021-05-22 18:42:36,142 :: INFO :: Configure profile on Control Node
2021-05-22 18:42:36,222 :: INFO :: Start experiment succeeded
2021-05-22 18:44:09,354 :: INFO :: Gateway Manager : Flash of node
2021-05-22 18:44:09,359 :: INFO :: Flash firmware on open node: /tmp/tmpfIoYhf--firmware8453986396447307518-gnrc_border_router.elf
2021-05-22 18:44:09,410 :: INFO :: Node OpenOCD: flash of openocd node
2021-05-22 18:44:09,414 :: INFO :: Flash firmware on OpenOCD: /tmp/tmpfIoYhf--firmware8453986396447307518-gnrc_border_router.elf
2021-05-22 19:07:40,706 :: INFO :: Gateway Manager : Stop experiment
2021-05-22 19:07:40,716 :: INFO :: Stop experiment
2021-05-22 19:07:40,726 :: INFO :: Control node : stop of the experiment
2021-05-22 19:07:40,734 :: INFO :: Control node : profile configuration
2021-05-22 19:07:40,741 :: INFO :: Configure profile on Control Node
2021-05-22 19:07:40,821 :: INFO :: Control node : start power of open node
2021-05-22 19:07:40,861 :: INFO :: Node OpenOCD: teardown of openocd node
2021-05-22 19:07:43,887 :: INFO :: openocd node debugger stop
2021-05-22 19:07:44,544 :: INFO :: Node OpenOCD: flash of openocd node
2021-05-22 19:07:44,558 :: INFO :: Flash firmware on OpenOCD: /usr/lib/python2.7/site-packages/gateway_code/static/m3_idle.elf
2021-05-22 19:07:47,002 :: INFO :: Control node : Stop control node serial interface
2021-05-22 19:07:47,011 :: INFO :: Control node : stop power of open node
2021-05-22 19:07:47,113 :: INFO :: Control node : reset
2021-05-22 19:07:47,120 :: INFO :: Reset Control Node
2021-05-22 19:07:49,910 :: INFO :: Stop experiment succeeded
